  stdafx.cpp
  NumberServerDemo.cpp
d:\netprogrammingexamples2\numberserverdemo\numberserverdemo.cpp(51): warning C4996: 'inet_addr': Use inet_pton() or InetPton() instead or define _WINSOCK_DEPRECATED_NO_WARNINGS to disable deprecated API warnings
  c:\program files (x86)\windows kits\10\include\10.0.15063.0\um\winsock2.h(1830): note:  см. объявление "inet_addr"
d:\netprogrammingexamples2\numberserverdemo\numberserverdemo.cpp(60): warning C4996: 'sprintf': This function or variable may be unsafe. Consider using sprintf_s instead. To disable deprecation, use _CRT_SECURE_NO_WARNINGS. See online help for details.
  c:\program files (x86)\windows kits\10\include\10.0.15063.0\ucrt\stdio.h(1772): note:  см. объявление "sprintf"
d:\netprogrammingexamples2\numberserverdemo\numberserverdemo.cpp(105): warning C4996: 'strcat': This function or variable may be unsafe. Consider using strcat_s instead. To disable deprecation, use _CRT_SECURE_NO_WARNINGS. See online help for details.
  c:\program files (x86)\windows kits\10\include\10.0.15063.0\ucrt\string.h(93): note:  см. объявление "strcat"
d:\netprogrammingexamples2\numberserverdemo\numberserverdemo.cpp(106): warning C4996: 'strcat': This function or variable may be unsafe. Consider using strcat_s instead. To disable deprecation, use _CRT_SECURE_NO_WARNINGS. See online help for details.
  c:\program files (x86)\windows kits\10\include\10.0.15063.0\ucrt\string.h(93): note:  см. объявление "strcat"
d:\netprogrammingexamples2\numberserverdemo\numberserverdemo.cpp(120): warning C4996: 'sscanf': This function or variable may be unsafe. Consider using sscanf_s instead. To disable deprecation, use _CRT_SECURE_NO_WARNINGS. See online help for details.
  c:\program files (x86)\windows kits\10\include\10.0.15063.0\ucrt\stdio.h(2260): note:  см. объявление "sscanf"
d:\netprogrammingexamples2\numberserverdemo\numberserverdemo.cpp(121): warning C4996: 'sscanf': This function or variable may be unsafe. Consider using sscanf_s instead. To disable deprecation, use _CRT_SECURE_NO_WARNINGS. See online help for details.
  c:\program files (x86)\windows kits\10\include\10.0.15063.0\ucrt\stdio.h(2260): note:  см. объявление "sscanf"
d:\netprogrammingexamples2\numberserverdemo\numberserverdemo.cpp(122): warning C4996: 'sscanf': This function or variable may be unsafe. Consider using sscanf_s instead. To disable deprecation, use _CRT_SECURE_NO_WARNINGS. See online help for details.
  c:\program files (x86)\windows kits\10\include\10.0.15063.0\ucrt\stdio.h(2260): note:  см. объявление "sscanf"
d:\netprogrammingexamples2\numberserverdemo\numberserverdemo.cpp(128): warning C4996: 'strcpy': This function or variable may be unsafe. Consider using strcpy_s instead. To disable deprecation, use _CRT_SECURE_NO_WARNINGS. See online help for details.
  c:\program files (x86)\windows kits\10\include\10.0.15063.0\ucrt\string.h(136): note:  см. объявление "strcpy"
d:\netprogrammingexamples2\numberserverdemo\numberserverdemo.cpp(142): warning C4996: 'inet_ntoa': Use inet_ntop() or InetNtop() instead or define _WINSOCK_DEPRECATED_NO_WARNINGS to disable deprecated API warnings
  c:\program files (x86)\windows kits\10\include\10.0.15063.0\um\winsock2.h(1848): note:  см. объявление "inet_ntoa"
  NumberServerDemo.vcxproj -> D:\netprogrammingexamples2\Debug\NumberServerDemo.exe
  NumberServerDemo.vcxproj -> D:\netprogrammingexamples2\Debug\NumberServerDemo.pdb (Partial PDB)
